[2020-12-21 02:43:21] local.ERROR: SQLSTATE[HY000] [1049] Unknown database 'laravel' (SQL: select * from `visitante`) {"exception":"[object] (Illuminate\\Database\\QueryException(code: 1049): SQLSTATE[HY000] [1049] Unknown database 'laravel' (SQL: select * from `visitante`) at C:\\Users\\diego\\OneDrive\\Documents\\PruebasTecnicasLaura\\NYGSoft\\pruebaNYGSoft\\vendor\\laravel\\framework\\src\\Illuminate\\Database\\Connection.php:678)
[stacktrace]
#0 C:\\Users\\diego\\OneDrive\\Documents\\PruebasTecnicasLaura\\NYGSoft\\pruebaNYGSoft\\vendor\\laravel\\framework\\src\\Illuminate\\Database\\Connection.php(638): Illuminate\\Database\\Connection->runQueryCallback('select * from `...', Array, Object(Closure))
#1 C:\\Users\\diego\\OneDrive\\Documents\\PruebasTecnicasLaura\\NYGSoft\\pruebaNYGSoft\\vendor\\laravel\\framework\\src\\Illuminate\\Database\\Connection.php(346): Illuminate\\Database\\Connection->run('select * from `...', Array, Object(Closure))
#2 C:\\Users\\diego\\OneDrive\\Documents\\PruebasTecnicasLaura\\NYGSoft\\pruebaNYGSoft\\vendor\\laravel\\framework\\src\\Illuminate\\Database\\Query\\Builder.php(2303): Illuminate\\Database\\Connection->select('select * from `...', Array, true)
#3 C:\\Users\\diego\\OneDrive\\Documents\\PruebasTecnicasLaura\\NYGSoft\\pruebaNYGSoft\\vendor\\laravel\\framework\\src\\Illuminate\\Database\\Query\\Builder.php(2291): Illuminate\\Database\\Query\\Builder->runSelect()
#4 C:\\Users\\diego\\OneDrive\\Documents\\PruebasTecnicasLaura\\NYGSoft\\pruebaNYGSoft\\vendor\\laravel\\framework\\src\\Illuminate\\Database\\Query\\Builder.php(2786): Illuminate\\Database\\Query\\Builder->Illuminate\\Database\\Query\\{closure}()
#5 C:\\Users\\diego\\OneDrive\\Documents\\PruebasTecnicasLaura\\NYGSoft\\pruebaNYGSoft\\vendor\\laravel\\framework\\src\\Illuminate\\Database\\Query\\Builder.php(2292): Illuminate\\Database\\Query\\Builder->onceWithColumns(Array, Object(Closure))
#6 C:\\Users\\diego\\OneDrive\\Documents\\PruebasTecnicasLaura\\NYGSoft\\pruebaNYGSoft\\vendor\\laravel\\framework\\src\\Illuminate\\Database\\Eloquent\\Builder.php(549): Illuminate\\Database\\Query\\Builder->get(Array)
#7 C:\\Users\\diego\\OneDrive\\Documents\\PruebasTecnicasLaura\\NYGSoft\\pruebaNYGSoft\\vendor\\laravel\\framework\\src\\Illuminate\\Database\\Eloquent\\Builder.php(533): Illuminate\\Database\\Eloquent\\Builder->getModels(Array)
#8 C:\\Users\\diego\\OneDrive\\Documents\\PruebasTecnicasLaura\\NYGSoft\\pruebaNYGSoft\\vendor\\laravel\\framework\\src\\Illuminate\\Support\\Traits\\ForwardsCalls.php(23): Illuminate\\Database\\Eloquent\\Builder->get()
#9 C:\\Users\\diego\\OneDrive\\Documents\\PruebasTecnicasLaura\\NYGSoft\\pruebaNYGSoft\\vendor\\laravel\\framework\\src\\Illuminate\\Database\\Eloquent\\Model.php(1885): Illuminate\\Database\\Eloquent\\Model->forwardCallTo(Object(Illuminate\\Database\\Eloquent\\Builder), 'get', Array)
#10 C:\\Users\\diego\\OneDrive\\Documents\\PruebasTecnicasLaura\\NYGSoft\\pruebaNYGSoft\\vendor\\laravel\\framework\\src\\Illuminate\\Database\\Eloquent\\Model.php(1897): Illuminate\\Database\\Eloquent\\Model->__call('get', Array)
#11 C:\\Users\\diego\\OneDrive\\Documents\\PruebasTecnicasLaura\\NYGSoft\\pruebaNYGSoft\\app\\Http\\Controllers\\visitanteController.php(13): Illuminate\\Database\\Eloquent\\Model::__callStatic('get', Array)
#12 C:\\Users\\diego\\OneDrive\\Documents\\PruebasTecnicasLaura\\NYGSoft\\pruebaNYGSoft\\vendor\\laravel\\framework\\src\\Illuminate\\Routing\\Controller.php(54): App\\Http\\Controllers\\visitanteController->index()
#13 C:\\Users\\diego\\OneDrive\\Documents\\PruebasTecnicasLaura\\NYGSoft\\pruebaNYGSoft\\vendor\\laravel\\framework\\src\\Illuminate\\Routing\\ControllerDispatcher.php(45): Illuminate\\Routing\\Controller->callAction('index', Array)
#14 C:\\Users\\diego\\OneDrive\\Documents\\PruebasTecnicasLaura\\NYGSoft\\pruebaNYGSoft\\vendor\\laravel\\framework\\src\\Illuminate\\Routing\\Route.php(254): Illuminate\\Routing\\ControllerDispatcher->dispatch(Object(Illuminate\\Routing\\Route), Object(App\\Http\\Controllers\\visitanteController), 'index')
#15 C:\\Users\\diego\\OneDrive\\Documents\\PruebasTecnicasLaura\\NYGSoft\\pruebaNYGSoft\\vendor\\laravel\\framework\\src\\Illuminate\\Routing\\Route.php(197): Illuminate\\Routing\\Route->runController()
#16 C:\\Users\\diego\\OneDrive\\Documents\\PruebasTecnicasLaura\\NYGSoft\\pruebaNYGSoft\\vendor\\laravel\\framework\\src\\Illuminate\\Routing\\Router.php(692): Illuminate\\Routing\\Route->run()
#17 C:\\Users\\diego\\OneDrive\\Documents\\PruebasTecnicasLaura\\NYGSoft\\pruebaNYGSoft\\vendor\\laravel\\framework\\src\\Illuminate\\Pipeline\\Pipeline.php(128): Illuminate\\Routing\\Router->Illuminate\\Routing\\{closure}(Object(Illuminate\\Http\\Request))
#18 C:\\Users\\diego\\OneDrive\\Documents\\PruebasTecnicasLaura\\NYGSoft\\pruebaNYGSoft\\vendor\\laravel\\framework\\src\\Illuminate\\Routing\\Middleware\\SubstituteBindings.php(41): Illuminate\\Pipeline\\Pipeline->Illuminate\\Pipeline\\{closure}(Object(Illuminate\\Http\\Request))
#19 C:\\Users\\diego\\OneDrive\\Documents\\PruebasTecnicasLaura\\NYGSoft\\pruebaNYGSoft\\vendor\\laravel\\framework\\src\\Illuminate\\Pipeline\\Pipeline.php(167): Illuminate\\Routing\\Middleware\\SubstituteBindings->handle(Object(Illuminate\\Http\\Request), Object(Closure))
#20 C:\\Users\\diego\\OneDrive\\Documents\\PruebasTecnicasLaura\\NYGSoft\\pruebaNYGSoft\\vendor\\laravel\\framework\\src\\Illuminate\\Routing\\Middleware\\ThrottleRequests.php(127): Illuminate\\Pipeline\\Pipeline->Illuminate\\Pipeline\\{closure}(Object(Illuminate\\Http\\Request))
#21 C:\\Users\\diego\\OneDrive\\Documents\\PruebasTecnicasLaura\\NYGSoft\\pruebaNYGSoft\\vendor\\laravel\\framework\\src\\Illuminate\\Routing\\Middleware\\ThrottleRequests.php(103): Illuminate\\Routing\\Middleware\\ThrottleRequests->handleRequest(Object(Illuminate\\Http\\Request), Object(Closure), Array)
#22 C:\\Users\\diego\\OneDrive\\Documents\\PruebasTecnicasLaura\\NYGSoft\\pruebaNYGSoft\\vendor\\laravel\\framework\\src\\Illuminate\\Routing\\Middleware\\ThrottleRequests.php(55): Illuminate\\Routing\\Middleware\\ThrottleRequests->handleRequestUsingNamedLimiter(Object(Illuminate\\Http\\Request), Object(Closure), 'api', Object(Closure))
#23 C:\\Users\\diego\\OneDrive\\Documents\\PruebasTecnicasLaura\\NYGSoft\\pruebaNYGSoft\\vendor\\laravel\\framework\\src\\Illuminate\\Pipeline\\Pipeline.php(167): Illuminate\\Routing\\Middleware\\ThrottleRequests->handle(Object(Illuminate\\Http\\Request), Object(Closure), 'api')
#24 C:\\Users\\diego\\OneDrive\\Documents\\PruebasTecnicasLaura\\NYGSoft\\pruebaNYGSoft\\vendor\\laravel\\framework\\src\\Illuminate\\Pipeline\\Pipeline.php(103): Illuminate\\Pipeline\\Pipeline->Illuminate\\Pipeline\\{closure}(Object(Illuminate\\Http\\Request))
#25 C:\\Users\\diego\\OneDrive\\Documents\\PruebasTecnicasLaura\\NYGSoft\\pruebaNYGSoft\\vendor\\laravel\\framework\\src\\Illuminate\\Routing\\Router.php(694): Illuminate\\Pipeline\\Pipeline->then(Object(Closure))
#26 C:\\Users\\diego\\OneDrive\\Documents\\PruebasTecnicasLaura\\NYGSoft\\pruebaNYGSoft\\vendor\\laravel\\framework\\src\\Illuminate\\Routing\\Router.php(669): Illuminate\\Routing\\Router->runRouteWithinStack(Object(Illuminate\\Routing\\Route), Object(Illuminate\\Http\\Request))
#27 C:\\Users\\diego\\OneDrive\\Documents\\PruebasTecnicasLaura\\NYGSoft\\pruebaNYGSoft\\vendor\\laravel\\framework\\src\\Illuminate\\Routing\\Router.php(635): Illuminate\\Routing\\Router->runRoute(Object(Illuminate\\Http\\Request), Object(Illuminate\\Routing\\Route))
#28 C:\\Users\\diego\\OneDrive\\Documents\\PruebasTecnicasLaura\\NYGSoft\\pruebaNYGSoft\\vendor\\laravel\\framework\\src\\Illuminate\\Routing\\Router.php(624): Illuminate\\Routing\\Router->dispatchToRoute(Object(Illuminate\\Http\\Request))
#29 C:\\Users\\diego\\OneDrive\\Documents\\PruebasTecnicasLaura\\NYGSoft\\pruebaNYGSoft\\vendor\\laravel\\framework\\src\\Illuminate\\Foundation\\Http\\Kernel.php(166): Illuminate\\Routing\\Router->dispatch(Object(Illuminate\\Http\\Request))
#30 C:\\Users\\diego\\OneDrive\\Documents\\PruebasTecnicasLaura\\NYGSoft\\pruebaNYGSoft\\vendor\\laravel\\framework\\src\\Illuminate\\Pipeline\\Pipeline.php(128): Illuminate\\Foundation\\Http\\Kernel->Illuminate\\Foundation\\Http\\{closure}(Object(Illuminate\\Http\\Request))
#31 C:\\Users\\diego\\OneDrive\\Documents\\PruebasTecnicasLaura\\NYGSoft\\pruebaNYGSoft\\vendor\\laravel\\framework\\src\\Illuminate\\Foundation\\Http\\Middleware\\TransformsRequest.php(21): Illuminate\\Pipeline\\Pipeline->Illuminate\\Pipeline\\{closure}(Object(Illuminate\\Http\\Request))
#32 C:\\Users\\diego\\OneDrive\\Documents\\PruebasTecnicasLaura\\NYGSoft\\pruebaNYGSoft\\vendor\\laravel\\framework\\src\\Illuminate\\Pipeline\\Pipeline.php(167): Illuminate\\Foundation\\Http\\Middleware\\TransformsRequest->handle(Object(Illuminate\\Http\\Request), Object(Closure))
#33 C:\\Users\\diego\\OneDrive\\Documents\\PruebasTecnicasLaura\\NYGSoft\\pruebaNYGSoft\\vendor\\laravel\\framework\\src\\Illuminate\\Foundation\\Http\\Middleware\\TransformsRequest.php(21): Illuminate\\Pipeline\\Pipeline->Illuminate\\Pipeline\\{closure}(Object(Illuminate\\Http\\Request))
#34 C:\\Users\\diego\\OneDrive\\Documents\\PruebasTecnicasLaura\\NYGSoft\\pruebaNYGSoft\\vendor\\laravel\\framework\\src\\Illuminate\\Pipeline\\Pipeline.php(167): Illuminate\\Foundation\\Http\\Middleware\\TransformsRequest->handle(Object(Illuminate\\Http\\Request), Object(Closure))
#35 C:\\Users\\diego\\OneDrive\\Documents\\PruebasTecnicasLaura\\NYGSoft\\pruebaNYGSoft\\vendor\\laravel\\framework\\src\\Illuminate\\Foundation\\Http\\Middleware\\ValidatePostSize.php(27): Illuminate\\Pipeline\\Pipeline->Illuminate\\Pipeline\\{closure}(Object(Illuminate\\Http\\Request))
#36 C:\\Users\\diego\\OneDrive\\Documents\\PruebasTecnicasLaura\\NYGSoft\\pruebaNYGSoft\\vendor\\laravel\\framework\\src\\Illuminate\\Pipeline\\Pipeline.php(167): Illuminate\\Foundation\\Http\\Middleware\\ValidatePostSize->handle(Object(Illuminate\\Http\\Request), Object(Closure))
#37 C:\\Users\\diego\\OneDrive\\Documents\\PruebasTecnicasLaura\\NYGSoft\\pruebaNYGSoft\\vendor\\laravel\\framework\\src\\Illuminate\\Foundation\\Http\\Middleware\\PreventRequestsDuringMaintenance.php(87): Illuminate\\Pipeline\\Pipeline->Illuminate\\Pipeline\\{closure}(Object(Illuminate\\Http\\Request))
#38 C:\\Users\\diego\\OneDrive\\Documents\\PruebasTecnicasLaura\\NYGSoft\\pruebaNYGSoft\\vendor\\laravel\\framework\\src\\Illuminate\\Pipeline\\Pipeline.php(167): Illuminate\\Foundation\\Http\\Middleware\\PreventRequestsDuringMaintenance->handle(Object(Illuminate\\Http\\Request), Object(Closure))
#39 C:\\Users\\diego\\OneDrive\\Documents\\PruebasTecnicasLaura\\NYGSoft\\pruebaNYGSoft\\vendor\\fruitcake\\laravel-cors\\src\\HandleCors.php(57): Illuminate\\Pipeline\\Pipeline->Illuminate\\Pipeline\\{closure}(Object(Illuminate\\Http\\Request))
#40 C:\\Users\\diego\\OneDrive\\Documents\\PruebasTecnicasLaura\\NYGSoft\\pruebaNYGSoft\\vendor\\laravel\\framework\\src\\Illuminate\\Pipeline\\Pipeline.php(167): Fruitcake\\Cors\\HandleCors->handle(Object(Illuminate\\Http\\Request), Object(Closure))
#41 C:\\Users\\diego\\OneDrive\\Documents\\PruebasTecnicasLaura\\NYGSoft\\pruebaNYGSoft\\vendor\\fideloper\\proxy\\src\\TrustProxies.php(57): Illuminate\\Pipeline\\Pipeline->Illuminate\\Pipeline\\{closure}(Object(Illuminate\\Http\\Request))
#42 C:\\Users\\diego\\OneDrive\\Documents\\PruebasTecnicasLaura\\NYGSoft\\pruebaNYGSoft\\vendor\\laravel\\framework\\src\\Illuminate\\Pipeline\\Pipeline.php(167): Fideloper\\Proxy\\TrustProxies->handle(Object(Illuminate\\Http\\Request), Object(Closure))
#43 C:\\Users\\diego\\OneDrive\\Documents\\PruebasTecnicasLaura\\NYGSoft\\pruebaNYGSoft\\vendor\\laravel\\framework\\src\\Illuminate\\Pipeline\\Pipeline.php(103): Illuminate\\Pipeline\\Pipeline->Illuminate\\Pipeline\\{closure}(Object(Illuminate\\Http\\Request))
#44 C:\\Users\\diego\\OneDrive\\Documents\\PruebasTecnicasLaura\\NYGSoft\\pruebaNYGSoft\\vendor\\laravel\\framework\\src\\Illuminate\\Foundation\\Http\\Kernel.php(141): Illuminate\\Pipeline\\Pipeline->then(Object(Closure))
#45 C:\\Users\\diego\\OneDrive\\Documents\\PruebasTecnicasLaura\\NYGSoft\\pruebaNYGSoft\\vendor\\laravel\\framework\\src\\Illuminate\\Foundation\\Http\\Kernel.php(110): Illuminate\\Foundation\\Http\\Kernel->sendRequestThroughRouter(Object(Illuminate\\Http\\Request))
#46 C:\\Users\\diego\\OneDrive\\Documents\\PruebasTecnicasLaura\\NYGSoft\\pruebaNYGSoft\\public\\index.php(52): Illuminate\\Foundation\\Http\\Kernel->handle(Object(Illuminate\\Http\\Request))
#47 C:\\Users\\diego\\OneDrive\\Documents\\PruebasTecnicasLaura\\NYGSoft\\pruebaNYGSoft\\server.php(21): require_once('C:\\\\Users\\\\diego\\\\...')
#48 {main}

[previous exception] [object] (PDOException(code: 1049): SQLSTATE[HY000] [1049] Unknown database 'laravel' at C:\\Users\\diego\\OneDrive\\Documents\\PruebasTecnicasLaura\\NYGSoft\\pruebaNYGSoft\\vendor\\laravel\\framework\\src\\Illuminate\\Database\\Connectors\\Connector.php:70)
[stacktrace]
#0 C:\\Users\\diego\\OneDrive\\Documents\\PruebasTecnicasLaura\\NYGSoft\\pruebaNYGSoft\\vendor\\laravel\\framework\\src\\Illuminate\\Database\\Connectors\\Connector.php(70): PDO->__construct('mysql:host=127....', 'root', '', Array)
#1 C:\\Users\\diego\\OneDrive\\Documents\\PruebasTecnicasLaura\\NYGSoft\\pruebaNYGSoft\\vendor\\laravel\\framework\\src\\Illuminate\\Database\\Connectors\\Connector.php(46): Illuminate\\Database\\Connectors\\Connector->createPdoConnection('mysql:host=127....', 'root', '', Array)
#2 C:\\Users\\diego\\OneDrive\\Documents\\PruebasTecnicasLaura\\NYGSoft\\pruebaNYGSoft\\vendor\\laravel\\framework\\src\\Illuminate\\Database\\Connectors\\MySqlConnector.php(24): Illuminate\\Database\\Connectors\\Connector->createConnection('mysql:host=127....', Array, Array)
#3 C:\\Users\\diego\\OneDrive\\Documents\\PruebasTecnicasLaura\\NYGSoft\\pruebaNYGSoft\\vendor\\laravel\\framework\\src\\Illuminate\\Database\\Connectors\\ConnectionFactory.php(184): Illuminate\\Database\\Connectors\\MySqlConnector->connect(Array)
#4 [internal function]: Illuminate\\Database\\Connectors\\ConnectionFactory->Illuminate\\Database\\Connectors\\{closure}()
#5 C:\\Users\\diego\\OneDrive\\Documents\\PruebasTecnicasLaura\\NYGSoft\\pruebaNYGSoft\\vendor\\laravel\\framework\\src\\Illuminate\\Database\\Connection.php(939): call_user_func(Object(Closure))
#6 C:\\Users\\diego\\OneDrive\\Documents\\PruebasTecnicasLaura\\NYGSoft\\pruebaNYGSoft\\vendor\\laravel\\framework\\src\\Illuminate\\Database\\Connection.php(974): Illuminate\\Database\\Connection->getPdo()
#7 C:\\Users\\diego\\OneDrive\\Documents\\PruebasTecnicasLaura\\NYGSoft\\pruebaNYGSoft\\vendor\\laravel\\framework\\src\\Illuminate\\Database\\Connection.php(412): Illuminate\\Database\\Connection->getReadPdo()
#8 C:\\Users\\diego\\OneDrive\\Documents\\PruebasTecnicasLaura\\NYGSoft\\pruebaNYGSoft\\vendor\\laravel\\framework\\src\\Illuminate\\Database\\Connection.php(338): Illuminate\\Database\\Connection->getPdoForSelect(true)
#9 C:\\Users\\diego\\OneDrive\\Documents\\PruebasTecnicasLaura\\NYGSoft\\pruebaNYGSoft\\vendor\\laravel\\framework\\src\\Illuminate\\Database\\Connection.php(671): Illuminate\\Database\\Connection->Illuminate\\Database\\{closure}('select * from `...', Array)
#10 C:\\Users\\diego\\OneDrive\\Documents\\PruebasTecnicasLaura\\NYGSoft\\pruebaNYGSoft\\vendor\\laravel\\framework\\src\\Illuminate\\Database\\Connection.php(638): Illuminate\\Database\\Connection->runQueryCallback('select * from `...', Array, Object(Closure))
#11 C:\\Users\\diego\\OneDrive\\Documents\\PruebasTecnicasLaura\\NYGSoft\\pruebaNYGSoft\\vendor\\laravel\\framework\\src\\Illuminate\\Database\\Connection.php(346): Illuminate\\Database\\Connection->run('select * from `...', Array, Object(Closure))
#12 C:\\Users\\diego\\OneDrive\\Documents\\PruebasTecnicasLaura\\NYGSoft\\pruebaNYGSoft\\vendor\\laravel\\framework\\src\\Illuminate\\Database\\Query\\Builder.php(2303): Illuminate\\Database\\Connection->select('select * from `...', Array, true)
#13 C:\\Users\\diego\\OneDrive\\Documents\\PruebasTecnicasLaura\\NYGSoft\\pruebaNYGSoft\\vendor\\laravel\\framework\\src\\Illuminate\\Database\\Query\\Builder.php(2291): Illuminate\\Database\\Query\\Builder->runSelect()
#14 C:\\Users\\diego\\OneDrive\\Documents\\PruebasTecnicasLaura\\NYGSoft\\pruebaNYGSoft\\vendor\\laravel\\framework\\src\\Illuminate\\Database\\Query\\Builder.php(2786): Illuminate\\Database\\Query\\Builder->Illuminate\\Database\\Query\\{closure}()
#15 C:\\Users\\diego\\OneDrive\\Documents\\PruebasTecnicasLaura\\NYGSoft\\pruebaNYGSoft\\vendor\\laravel\\framework\\src\\Illuminate\\Database\\Query\\Builder.php(2292): Illuminate\\Database\\Query\\Builder->onceWithColumns(Array, Object(Closure))
#16 C:\\Users\\diego\\OneDrive\\Documents\\PruebasTecnicasLaura\\NYGSoft\\pruebaNYGSoft\\vendor\\laravel\\framework\\src\\Illuminate\\Database\\Eloquent\\Builder.php(549): Illuminate\\Database\\Query\\Builder->get(Array)
#17 C:\\Users\\diego\\OneDrive\\Documents\\PruebasTecnicasLaura\\NYGSoft\\pruebaNYGSoft\\vendor\\laravel\\framework\\src\\Illuminate\\Database\\Eloquent\\Builder.php(533): Illuminate\\Database\\Eloquent\\Builder->getModels(Array)
#18 C:\\Users\\diego\\OneDrive\\Documents\\PruebasTecnicasLaura\\NYGSoft\\pruebaNYGSoft\\vendor\\laravel\\framework\\src\\Illuminate\\Support\\Traits\\ForwardsCalls.php(23): Illuminate\\Database\\Eloquent\\Builder->get()
#19 C:\\Users\\diego\\OneDrive\\Documents\\PruebasTecnicasLaura\\NYGSoft\\pruebaNYGSoft\\vendor\\laravel\\framework\\src\\Illuminate\\Database\\Eloquent\\Model.php(1885): Illuminate\\Database\\Eloquent\\Model->forwardCallTo(Object(Illuminate\\Database\\Eloquent\\Builder), 'get', Array)
#20 C:\\Users\\diego\\OneDrive\\Documents\\PruebasTecnicasLaura\\NYGSoft\\pruebaNYGSoft\\vendor\\laravel\\framework\\src\\Illuminate\\Database\\Eloquent\\Model.php(1897): Illuminate\\Database\\Eloquent\\Model->__call('get', Array)
#21 C:\\Users\\diego\\OneDrive\\Documents\\PruebasTecnicasLaura\\NYGSoft\\pruebaNYGSoft\\app\\Http\\Controllers\\visitanteController.php(13): Illuminate\\Database\\Eloquent\\Model::__callStatic('get', Array)
#22 C:\\Users\\diego\\OneDrive\\Documents\\PruebasTecnicasLaura\\NYGSoft\\pruebaNYGSoft\\vendor\\laravel\\framework\\src\\Illuminate\\Routing\\Controller.php(54): App\\Http\\Controllers\\visitanteController->index()
#23 C:\\Users\\diego\\OneDrive\\Documents\\PruebasTecnicasLaura\\NYGSoft\\pruebaNYGSoft\\vendor\\laravel\\framework\\src\\Illuminate\\Routing\\ControllerDispatcher.php(45): Illuminate\\Routing\\Controller->callAction('index', Array)
#24 C:\\Users\\diego\\OneDrive\\Documents\\PruebasTecnicasLaura\\NYGSoft\\pruebaNYGSoft\\vendor\\laravel\\framework\\src\\Illuminate\\Routing\\Route.php(254): Illuminate\\Routing\\ControllerDispatcher->dispatch(Object(Illuminate\\Routing\\Route), Object(App\\Http\\Controllers\\visitanteController), 'index')
#25 C:\\Users\\diego\\OneDrive\\Documents\\PruebasTecnicasLaura\\NYGSoft\\pruebaNYGSoft\\vendor\\laravel\\framework\\src\\Illuminate\\Routing\\Route.php(197): Illuminate\\Routing\\Route->runController()
#26 C:\\Users\\diego\\OneDrive\\Documents\\PruebasTecnicasLaura\\NYGSoft\\pruebaNYGSoft\\vendor\\laravel\\framework\\src\\Illuminate\\Routing\\Router.php(692): Illuminate\\Routing\\Route->run()
#27 C:\\Users\\diego\\OneDrive\\Documents\\PruebasTecnicasLaura\\NYGSoft\\pruebaNYGSoft\\vendor\\laravel\\framework\\src\\Illuminate\\Pipeline\\Pipeline.php(128): Illuminate\\Routing\\Router->Illuminate\\Routing\\{closure}(Object(Illuminate\\Http\\Request))
#28 C:\\Users\\diego\\OneDrive\\Documents\\PruebasTecnicasLaura\\NYGSoft\\pruebaNYGSoft\\vendor\\laravel\\framework\\src\\Illuminate\\Routing\\Middleware\\SubstituteBindings.php(41): Illuminate\\Pipeline\\Pipeline->Illuminate\\Pipeline\\{closure}(Object(Illuminate\\Http\\Request))
#29 C:\\Users\\diego\\OneDrive\\Documents\\PruebasTecnicasLaura\\NYGSoft\\pruebaNYGSoft\\vendor\\laravel\\framework\\src\\Illuminate\\Pipeline\\Pipeline.php(167): Illuminate\\Routing\\Middleware\\SubstituteBindings->handle(Object(Illuminate\\Http\\Request), Object(Closure))
#30 C:\\Users\\diego\\OneDrive\\Documents\\PruebasTecnicasLaura\\NYGSoft\\pruebaNYGSoft\\vendor\\laravel\\framework\\src\\Illuminate\\Routing\\Middleware\\ThrottleRequests.php(127): Illuminate\\Pipeline\\Pipeline->Illuminate\\Pipeline\\{closure}(Object(Illuminate\\Http\\Request))
#31 C:\\Users\\diego\\OneDrive\\Documents\\PruebasTecnicasLaura\\NYGSoft\\pruebaNYGSoft\\vendor\\laravel\\framework\\src\\Illuminate\\Routing\\Middleware\\ThrottleRequests.php(103): Illuminate\\Routing\\Middleware\\ThrottleRequests->handleRequest(Object(Illuminate\\Http\\Request), Object(Closure), Array)
#32 C:\\Users\\diego\\OneDrive\\Documents\\PruebasTecnicasLaura\\NYGSoft\\pruebaNYGSoft\\vendor\\laravel\\framework\\src\\Illuminate\\Routing\\Middleware\\ThrottleRequests.php(55): Illuminate\\Routing\\Middleware\\ThrottleRequests->handleRequestUsingNamedLimiter(Object(Illuminate\\Http\\Request), Object(Closure), 'api', Object(Closure))
#33 C:\\Users\\diego\\OneDrive\\Documents\\PruebasTecnicasLaura\\NYGSoft\\pruebaNYGSoft\\vendor\\laravel\\framework\\src\\Illuminate\\Pipeline\\Pipeline.php(167): Illuminate\\Routing\\Middleware\\ThrottleRequests->handle(Object(Illuminate\\Http\\Request), Object(Closure), 'api')
#34 C:\\Users\\diego\\OneDrive\\Documents\\PruebasTecnicasLaura\\NYGSoft\\pruebaNYGSoft\\vendor\\laravel\\framework\\src\\Illuminate\\Pipeline\\Pipeline.php(103): Illuminate\\Pipeline\\Pipeline->Illuminate\\Pipeline\\{closure}(Object(Illuminate\\Http\\Request))
#35 C:\\Users\\diego\\OneDrive\\Documents\\PruebasTecnicasLaura\\NYGSoft\\pruebaNYGSoft\\vendor\\laravel\\framework\\src\\Illuminate\\Routing\\Router.php(694): Illuminate\\Pipeline\\Pipeline->then(Object(Closure))
#36 C:\\Users\\diego\\OneDrive\\Documents\\PruebasTecnicasLaura\\NYGSoft\\pruebaNYGSoft\\vendor\\laravel\\framework\\src\\Illuminate\\Routing\\Router.php(669): Illuminate\\Routing\\Router->runRouteWithinStack(Object(Illuminate\\Routing\\Route), Object(Illuminate\\Http\\Request))
#37 C:\\Users\\diego\\OneDrive\\Documents\\PruebasTecnicasLaura\\NYGSoft\\pruebaNYGSoft\\vendor\\laravel\\framework\\src\\Illuminate\\Routing\\Router.php(635): Illuminate\\Routing\\Router->runRoute(Object(Illuminate\\Http\\Request), Object(Illuminate\\Routing\\Route))
#38 C:\\Users\\diego\\OneDrive\\Documents\\PruebasTecnicasLaura\\NYGSoft\\pruebaNYGSoft\\vendor\\laravel\\framework\\src\\Illuminate\\Routing\\Router.php(624): Illuminate\\Routing\\Router->dispatchToRoute(Object(Illuminate\\Http\\Request))
#39 C:\\Users\\diego\\OneDrive\\Documents\\PruebasTecnicasLaura\\NYGSoft\\pruebaNYGSoft\\vendor\\laravel\\framework\\src\\Illuminate\\Foundation\\Http\\Kernel.php(166): Illuminate\\Routing\\Router->dispatch(Object(Illuminate\\Http\\Request))
#40 C:\\Users\\diego\\OneDrive\\Documents\\PruebasTecnicasLaura\\NYGSoft\\pruebaNYGSoft\\vendor\\laravel\\framework\\src\\Illuminate\\Pipeline\\Pipeline.php(128): Illuminate\\Foundation\\Http\\Kernel->Illuminate\\Foundation\\Http\\{closure}(Object(Illuminate\\Http\\Request))
#41 C:\\Users\\diego\\OneDrive\\Documents\\PruebasTecnicasLaura\\NYGSoft\\pruebaNYGSoft\\vendor\\laravel\\framework\\src\\Illuminate\\Foundation\\Http\\Middleware\\TransformsRequest.php(21): Illuminate\\Pipeline\\Pipeline->Illuminate\\Pipeline\\{closure}(Object(Illuminate\\Http\\Request))
#42 C:\\Users\\diego\\OneDrive\\Documents\\PruebasTecnicasLaura\\NYGSoft\\pruebaNYGSoft\\vendor\\laravel\\framework\\src\\Illuminate\\Pipeline\\Pipeline.php(167): Illuminate\\Foundation\\Http\\Middleware\\TransformsRequest->handle(Object(Illuminate\\Http\\Request), Object(Closure))
#43 C:\\Users\\diego\\OneDrive\\Documents\\PruebasTecnicasLaura\\NYGSoft\\pruebaNYGSoft\\vendor\\laravel\\framework\\src\\Illuminate\\Foundation\\Http\\Middleware\\TransformsRequest.php(21): Illuminate\\Pipeline\\Pipeline->Illuminate\\Pipeline\\{closure}(Object(Illuminate\\Http\\Request))
#44 C:\\Users\\diego\\OneDrive\\Documents\\PruebasTecnicasLaura\\NYGSoft\\pruebaNYGSoft\\vendor\\laravel\\framework\\src\\Illuminate\\Pipeline\\Pipeline.php(167): Illuminate\\Foundation\\Http\\Middleware\\TransformsRequest->handle(Object(Illuminate\\Http\\Request), Object(Closure))
#45 C:\\Users\\diego\\OneDrive\\Documents\\PruebasTecnicasLaura\\NYGSoft\\pruebaNYGSoft\\vendor\\laravel\\framework\\src\\Illuminate\\Foundation\\Http\\Middleware\\ValidatePostSize.php(27): Illuminate\\Pipeline\\Pipeline->Illuminate\\Pipeline\\{closure}(Object(Illuminate\\Http\\Request))
#46 C:\\Users\\diego\\OneDrive\\Documents\\PruebasTecnicasLaura\\NYGSoft\\pruebaNYGSoft\\vendor\\laravel\\framework\\src\\Illuminate\\Pipeline\\Pipeline.php(167): Illuminate\\Foundation\\Http\\Middleware\\ValidatePostSize->handle(Object(Illuminate\\Http\\Request), Object(Closure))
#47 C:\\Users\\diego\\OneDrive\\Documents\\PruebasTecnicasLaura\\NYGSoft\\pruebaNYGSoft\\vendor\\laravel\\framework\\src\\Illuminate\\Foundation\\Http\\Middleware\\PreventRequestsDuringMaintenance.php(87): Illuminate\\Pipeline\\Pipeline->Illuminate\\Pipeline\\{closure}(Object(Illuminate\\Http\\Request))
#48 C:\\Users\\diego\\OneDrive\\Documents\\PruebasTecnicasLaura\\NYGSoft\\pruebaNYGSoft\\vendor\\laravel\\framework\\src\\Illuminate\\Pipeline\\Pipeline.php(167): Illuminate\\Foundation\\Http\\Middleware\\PreventRequestsDuringMaintenance->handle(Object(Illuminate\\Http\\Request), Object(Closure))
#49 C:\\Users\\diego\\OneDrive\\Documents\\PruebasTecnicasLaura\\NYGSoft\\pruebaNYGSoft\\vendor\\fruitcake\\laravel-cors\\src\\HandleCors.php(57): Illuminate\\Pipeline\\Pipeline->Illuminate\\Pipeline\\{closure}(Object(Illuminate\\Http\\Request))
#50 C:\\Users\\diego\\OneDrive\\Documents\\PruebasTecnicasLaura\\NYGSoft\\pruebaNYGSoft\\vendor\\laravel\\framework\\src\\Illuminate\\Pipeline\\Pipeline.php(167): Fruitcake\\Cors\\HandleCors->handle(Object(Illuminate\\Http\\Request), Object(Closure))
#51 C:\\Users\\diego\\OneDrive\\Documents\\PruebasTecnicasLaura\\NYGSoft\\pruebaNYGSoft\\vendor\\fideloper\\proxy\\src\\TrustProxies.php(57): Illuminate\\Pipeline\\Pipeline->Illuminate\\Pipeline\\{closure}(Object(Illuminate\\Http\\Request))
#52 C:\\Users\\diego\\OneDrive\\Documents\\PruebasTecnicasLaura\\NYGSoft\\pruebaNYGSoft\\vendor\\laravel\\framework\\src\\Illuminate\\Pipeline\\Pipeline.php(167): Fideloper\\Proxy\\TrustProxies->handle(Object(Illuminate\\Http\\Request), Object(Closure))
#53 C:\\Users\\diego\\OneDrive\\Documents\\PruebasTecnicasLaura\\NYGSoft\\pruebaNYGSoft\\vendor\\laravel\\framework\\src\\Illuminate\\Pipeline\\Pipeline.php(103): Illuminate\\Pipeline\\Pipeline->Illuminate\\Pipeline\\{closure}(Object(Illuminate\\Http\\Request))
#54 C:\\Users\\diego\\OneDrive\\Documents\\PruebasTecnicasLaura\\NYGSoft\\pruebaNYGSoft\\vendor\\laravel\\framework\\src\\Illuminate\\Foundation\\Http\\Kernel.php(141): Illuminate\\Pipeline\\Pipeline->then(Object(Closure))
#55 C:\\Users\\diego\\OneDrive\\Documents\\PruebasTecnicasLaura\\NYGSoft\\pruebaNYGSoft\\vendor\\laravel\\framework\\src\\Illuminate\\Foundation\\Http\\Kernel.php(110): Illuminate\\Foundation\\Http\\Kernel->sendRequestThroughRouter(Object(Illuminate\\Http\\Request))
#56 C:\\Users\\diego\\OneDrive\\Documents\\PruebasTecnicasLaura\\NYGSoft\\pruebaNYGSoft\\public\\index.php(52): Illuminate\\Foundation\\Http\\Kernel->handle(Object(Illuminate\\Http\\Request))
#57 C:\\Users\\diego\\OneDrive\\Documents\\PruebasTecnicasLaura\\NYGSoft\\pruebaNYGSoft\\server.php(21): require_once('C:\\\\Users\\\\diego\\\\...')
#58 {main}
"} 
[2020-12-21 03:15:54] local.ERROR: Command "make:controñller" is not defined.

Did you mean one of these?
    make:cast
    make:channel
    make:command
    make:component
    make:controller
    make:event
    make:exception
    make:factory
    make:job
    make:listener
    make:mail
    make:middleware
    make:migration
    make:model
    make:notification
    make:observer
    make:policy
    make:provider
    make:request
    make:resource
    make:rule
    make:seeder
    make:test {"exception":"[object] (Symfony\\Component\\Console\\Exception\\CommandNotFoundException(code: 0): Command \"make:controñller\" is not defined.

Did you mean one of these?
    make:cast
    make:channel
    make:command
    make:component
    make:controller
    make:event
    make:exception
    make:factory
    make:job
    make:listener
    make:mail
    make:middleware
    make:migration
    make:model
    make:notification
    make:observer
    make:policy
    make:provider
    make:request
    make:resource
    make:rule
    make:seeder
    make:test at C:\\Users\\diego\\OneDrive\\Documents\\PruebasTecnicasLaura\\NYGSoft\\pruebaNYGSoft\\vendor\\symfony\\console\\Application.php:675)
[stacktrace]
#0 C:\\Users\\diego\\OneDrive\\Documents\\PruebasTecnicasLaura\\NYGSoft\\pruebaNYGSoft\\vendor\\symfony\\console\\Application.php(254): Symfony\\Component\\Console\\Application->find('make:contro\\xC3\\xB1ll...')
#1 C:\\Users\\diego\\OneDrive\\Documents\\PruebasTecnicasLaura\\NYGSoft\\pruebaNYGSoft\\vendor\\symfony\\console\\Application.php(166): Symfony\\Component\\Console\\Application->doRun(Object(Symfony\\Component\\Console\\Input\\ArgvInput), Object(Symfony\\Component\\Console\\Output\\ConsoleOutput))
#2 C:\\Users\\diego\\OneDrive\\Documents\\PruebasTecnicasLaura\\NYGSoft\\pruebaNYGSoft\\vendor\\laravel\\framework\\src\\Illuminate\\Console\\Application.php(93): Symfony\\Component\\Console\\Application->run(Object(Symfony\\Component\\Console\\Input\\ArgvInput), Object(Symfony\\Component\\Console\\Output\\ConsoleOutput))
#3 C:\\Users\\diego\\OneDrive\\Documents\\PruebasTecnicasLaura\\NYGSoft\\pruebaNYGSoft\\vendor\\laravel\\framework\\src\\Illuminate\\Foundation\\Console\\Kernel.php(129): Illuminate\\Console\\Application->run(Object(Symfony\\Component\\Console\\Input\\ArgvInput), Object(Symfony\\Component\\Console\\Output\\ConsoleOutput))
#4 C:\\Users\\diego\\OneDrive\\Documents\\PruebasTecnicasLaura\\NYGSoft\\pruebaNYGSoft\\artisan(37): Illuminate\\Foundation\\Console\\Kernel->handle(Object(Symfony\\Component\\Console\\Input\\ArgvInput), Object(Symfony\\Component\\Console\\Output\\ConsoleOutput))
#5 {main}
"} 
